<?xml version="1.0" encoding="UTF-8" ?>
<testsuite failures="0" time="9.764" errors="0" skipped="0" tests="1" name="ws.crossnet.udm.core.model.test.PartyRelationshipTypeManagementTest">
  <properties>
    <property name="java.vendor" value="Oracle Corporation"/>
    <property name="localRepository" value="C:\Users\USUARIO\.m2\repository"/>
    <property name="sun.java.launcher" value="SUN_STANDARD"/>
    <property name="sun.management.compiler" value="HotSpot 64-Bit Tiered Compilers"/>
    <property name="org.apache.openejb.core.security.JaccProvider" value="org.apache.openejb.core.security.jacc.BasicJaccProvider"/>
    <property name="os.name" value="Windows 8"/>
    <property name="sun.boot.class.path" value="C:\Program Files\Java\jdk1.7.0_79\jre\lib\resources.jar;C:\Program Files\Java\jdk1.7.0_79\jre\lib\rt.jar;C:\Program Files\Java\jdk1.7.0_79\jre\lib\sunrsasign.jar;C:\Program Files\Java\jdk1.7.0_79\jre\lib\jsse.jar;C:\Program Files\Java\jdk1.7.0_79\jre\lib\jce.jar;C:\Program Files\Java\jdk1.7.0_79\jre\lib\charsets.jar;C:\Program Files\Java\jdk1.7.0_79\jre\lib\jfr.jar;C:\Program Files\Java\jdk1.7.0_79\jre\classes"/>
    <property name="javax.security.jacc.PolicyConfigurationFactory.provider" value="org.apache.openejb.core.security.JaccProvider$Factory"/>
    <property name="sun.desktop" value="windows"/>
    <property name="java.vm.specification.vendor" value="Oracle Corporation"/>
    <property name="java.runtime.version" value="1.7.0_79-b15"/>
    <property name="org.apache.security.jacc.EJBMethodPermission.methodInterfaces" value="BusinessLocalHome,BusinessRemoteHome,BusinessRemote,BusinessLocal"/>
    <property name="user.name" value="USUARIO"/>
    <property name="user.language" value="es"/>
    <property name="derby.system.home" value="F:\dev_ws\soa4sb\metamodel\metamodel-ejb"/>
    <property name="sun.boot.library.path" value="C:\Program Files\Java\jdk1.7.0_79\jre\bin"/>
    <property name="openjpa.Log" value="org.apache.openejb.openjpa.JULOpenJPALogFactory"/>
    <property name="java.version" value="1.7.0_79"/>
    <property name="java.util.logging.manager" value="org.apache.openejb.util.JuliLogStreamFactory$OpenEJBLogManager"/>
    <property name="user.timezone" value="America/Bogota"/>
    <property name="sun.arch.data.model" value="64"/>
    <property name="java.endorsed.dirs" value="C:\Program Files\Java\jdk1.7.0_79\jre\lib\endorsed"/>
    <property name="sun.cpu.isalist" value="amd64"/>
    <property name="sun.jnu.encoding" value="Cp1252"/>
    <property name="file.encoding.pkg" value="sun.io"/>
    <property name="file.separator" value="\"/>
    <property name="java.specification.name" value="Java Platform API Specification"/>
    <property name="java.class.version" value="51.0"/>
    <property name="user.country" value="PE"/>
    <property name="java.home" value="C:\Program Files\Java\jdk1.7.0_79\jre"/>
    <property name="java.vm.info" value="mixed mode"/>
    <property name="os.version" value="6.2"/>
    <property name="surefire.real.class.path" value="F:\dev_ws\soa4sb\metamodel\metamodel-ejb\target\surefire\surefirebooter5105843112187531367.jar"/>
    <property name="org.apache.webbeans.logger.WebBeansLoggerFacade" value="org.apache.openejb.cdi.logging.ContainerJULLoggerFactory"/>
    <property name="path.separator" value=";"/>
    <property name="java.vm.version" value="24.79-b02"/>
    <property name="bval.in-container" value="true"/>
    <property name="user.variant" value=""/>
    <property name="java.awt.printerjob" value="sun.awt.windows.WPrinterJob"/>
    <property name="sun.io.unicode.encoding" value="UnicodeLittle"/>
    <property name="awt.toolkit" value="sun.awt.windows.WToolkit"/>
    <property name="user.script" value=""/>
    <property name="java.naming.factory.url.pkgs" value="org.apache.openejb.core.ivm.naming"/>
    <property name="openejb.home" value="F:\dev_ws\soa4sb\metamodel\metamodel-ejb"/>
    <property name="user.home" value="C:\Users\USUARIO"/>
    <property name="openejb.version" value="5.0.0-SNAPSHOT"/>
    <property name="java.specification.vendor" value="Oracle Corporation"/>
    <property name="java.library.path" value="C:\Program Files\Java\jdk1.7.0_79\jre\bin;C:\WINDOWS\Sun\Java\bin;C:\WINDOWS\system32;C:\WINDOWS;C:/Program Files (x86)/Java/jre1.8.0_51/bin/client;C:/Program Files (x86)/Java/jre1.8.0_51/bin;C:/Program Files (x86)/Java/jre1.8.0_51/lib/i386;C:\ProgramData\Oracle\Java\javapath;C:\Program Files (x86)\NVIDIA Corporation\PhysX\Common;C:\Program Files (x86)\Oracle BPA Suite11g\LocalServer\JDK\bin;C:\Program Files (x86)\Oracle BPA Suite11g\LocalServer\OLITE;F:\oraclexe\app\oracle\product\11.2.0\server\bin;C:\Program Files (x86)\Intel\iCLS Client\;C:\Program Files\Intel\iCLS Client\;C:\WINDOWS\system32;C:\WINDOWS;C:\WINDOWS\System32\Wbem;C:\WINDOWS\System32\WindowsPowerShell\v1.0\;C:\Program Files (x86)\Intel\OpenCL SDK\3.0\bin\x86;C:\Program Files (x86)\Intel\OpenCL SDK\3.0\bin\x64;C:\Program Files\Intel\Intel(R) Management Engine Components\DAL;C:\Program Files\Intel\Intel(R) Management Engine Components\IPT;C:\Program Files (x86)\Intel\Intel(R) Management Engine Components\DAL;C:\Program Files (x86)\Intel\Intel(R) Management Engine Components\IPT;C:\Program Files\TortoiseSVN\bin;C:\HashiCorp\Vagrant\bin;C:\Program Files (x86)\Git\cmd;C:\Program Files (x86)\Windows Kits\8.1\Windows Performance Toolkit\;C:\Program Files\Microsoft SQL Server\110\Tools\Binn\;C:\Program Files (x86)\Microsoft SDKs\TypeScript\1.0\;C:\Program Files\Microsoft SQL Server\120\Tools\Binn\;C:\Program Files\Microsoft SQL Server\Client SDK\ODBC\110\Tools\Binn\;C:\Program Files (x86)\Microsoft SQL Server\120\Tools\Binn\;C:\Program Files\Microsoft SQL Server\120\DTS\Binn\;C:\Program Files (x86)\Microsoft SQL Server\120\Tools\Binn\ManagementStudio\;C:\Program Files (x86)\Microsoft SQL Server\120\DTS\Binn\;C:\Program Files\Amazon\AWSCLI\;C:\Program Files (x86)\Skype\Phone\;C:\ProgramData\Oracle\Java\javapath;C:\Program Files (x86)\NVIDIA Corporation\PhysX\Common;C:\Program Files (x86)\Oracle BPA Suite11g\LocalServer\JDK\bin;C:\Program Files (x86)\Oracle BPA Suite11g\LocalServer\OLITE;F:\oraclexe\app\oracle\product\11.2.0\server\bin;C:\Program Files (x86)\Intel\iCLS Client\;C:\Program Files\Intel\iCLS Client\;C:\WINDOWS\system32;C:\WINDOWS;C:\WINDOWS\System32\Wbem;C:\WINDOWS\System32\WindowsPowerShell\v1.0\;C:\Program Files (x86)\Intel\OpenCL SDK\3.0\bin\x86;C:\Program Files (x86)\Intel\OpenCL SDK\3.0\bin\x64;C:\Program Files\Intel\Intel(R) Management Engine Components\DAL;C:\Program Files\Intel\Intel(R) Management Engine Components\IPT;C:\Program Files (x86)\Intel\Intel(R) Management Engine Components\DAL;C:\Program Files (x86)\Intel\Intel(R) Management Engine Components\IPT;C:\Program Files\TortoiseSVN\bin;C:\HashiCorp\Vagrant\bin;C:\Program Files (x86)\Git\cmd;C:\Program Files (x86)\Windows Kits\8.1\Windows Performance Toolkit\;C:\Program Files\Microsoft SQL Server\110\Tools\Binn\;C:\Program Files (x86)\Microsoft SDKs\TypeScript\1.0\;C:\Program Files\Microsoft SQL Server\120\Tools\Binn\;C:\Program Files\Microsoft SQL Server\Client SDK\ODBC\110\Tools\Binn\;C:\Program Files (x86)\Microsoft SQL Server\120\Tools\Binn\;C:\Program Files\Microsoft SQL Server\120\DTS\Binn\;C:\Program Files (x86)\Microsoft SQL Server\120\Tools\Binn\ManagementStudio\;C:\Program Files (x86)\Microsoft SQL Server\120\DTS\Binn\;C:\Program Files\Amazon\AWSCLI\;C:\Program Files (x86)\Skype\Phone\;F:\Instaladores\Apache\apache-maven-3.2.5\bin;F:\Instaladores\Oracle\oepe-juno-12c;;."/>
    <property name="java.vendor.url" value="http://java.oracle.com/"/>
    <property name="java.vm.vendor" value="Oracle Corporation"/>
    <property name="java.runtime.name" value="Java(TM) SE Runtime Environment"/>
    <property name="sun.java.command" value="F:\dev_ws\soa4sb\metamodel\metamodel-ejb\target\surefire\surefirebooter5105843112187531367.jar F:\dev_ws\soa4sb\metamodel\metamodel-ejb\target\surefire\surefire5068289589848889141tmp F:\dev_ws\soa4sb\metamodel\metamodel-ejb\target\surefire\surefire6531421531372965616tmp"/>
    <property name="java.class.path" value="F:\dev_ws\soa4sb\metamodel\metamodel-ejb\target\test-classes;F:\dev_ws\soa4sb\metamodel\metamodel-ejb\target\classes;C:\Users\USUARIO\.m2\repository\org\jboss\spec\javax\annotation\jboss-annotations-api_1.1_spec\1.0.1.Final\jboss-annotations-api_1.1_spec-1.0.1.Final.jar;C:\Users\USUARIO\.m2\repository\org\jboss\spec\javax\ejb\jboss-ejb-api_3.1_spec\1.0.2.Final\jboss-ejb-api_3.1_spec-1.0.2.Final.jar;C:\Users\USUARIO\.m2\repository\org\apache\openejb\openejb-core\5.0.0-SNAPSHOT\openejb-core-5.0.0-SNAPSHOT.jar;C:\Users\USUARIO\.m2\repository\org\apache\openejb\mbean-annotation-api\5.0.0-SNAPSHOT\mbean-annotation-api-5.0.0-SNAPSHOT.jar;C:\Users\USUARIO\.m2\repository\org\apache\openejb\openejb-jpa-integration\5.0.0-SNAPSHOT\openejb-jpa-integration-5.0.0-SNAPSHOT.jar;C:\Users\USUARIO\.m2\repository\org\apache\openejb\javaee-api\7.0-SNAPSHOT\javaee-api-7.0-SNAPSHOT.jar;C:\Users\USUARIO\.m2\repository\org\apache\commons\commons-lang3\3.4\commons-lang3-3.4.jar;C:\Users\USUARIO\.m2\repository\org\apache\openejb\openejb-api\5.0.0-SNAPSHOT\openejb-api-5.0.0-SNAPSHOT.jar;C:\Users\USUARIO\.m2\repository\org\apache\openejb\openejb-loader\5.0.0-SNAPSHOT\openejb-loader-5.0.0-SNAPSHOT.jar;C:\Users\USUARIO\.m2\repository\org\apache\openejb\openejb-javaagent\5.0.0-SNAPSHOT\openejb-javaagent-5.0.0-SNAPSHOT.jar;C:\Users\USUARIO\.m2\repository\org\apache\openejb\openejb-jee\5.0.0-SNAPSHOT\openejb-jee-5.0.0-SNAPSHOT.jar;C:\Users\USUARIO\.m2\repository\org\apache\openejb\openejb-jee-accessors\5.0.0-SNAPSHOT\openejb-jee-accessors-5.0.0-SNAPSHOT.jar;C:\Users\USUARIO\.m2\repository\org\metatype\sxc\sxc-jaxb-core\0.8\sxc-jaxb-core-0.8.jar;C:\Users\USUARIO\.m2\repository\org\metatype\sxc\sxc-runtime\0.8\sxc-runtime-0.8.jar;C:\Users\USUARIO\.m2\repository\commons-cli\commons-cli\1.2\commons-cli-1.2.jar;C:\Users\USUARIO\.m2\repository\org\apache\activemq\activemq-ra\5.11.0\activemq-ra-5.11.0.jar;C:\Users\USUARIO\.m2\repository\org\apache\activemq\activemq-kahadb-store\5.11.0\activemq-kahadb-store-5.11.0.jar;C:\Users\USUARIO\.m2\repository\org\apache\activemq\protobuf\activemq-protobuf\1.1\activemq-protobuf-1.1.jar;C:\Users\USUARIO\.m2\repository\org\apache\activemq\activemq-broker\5.11.0\activemq-broker-5.11.0.jar;C:\Users\USUARIO\.m2\repository\org\apache\activemq\activemq-client\5.11.0\activemq-client-5.11.0.jar;C:\Users\USUARIO\.m2\repository\org\fusesource\hawtbuf\hawtbuf\1.11\hawtbuf-1.11.jar;C:\Users\USUARIO\.m2\repository\org\apache\activemq\activemq-openwire-legacy\5.11.0\activemq-openwire-legacy-5.11.0.jar;C:\Users\USUARIO\.m2\repository\org\apache\activemq\activemq-jdbc-store\5.11.0\activemq-jdbc-store-5.11.0.jar;C:\Users\USUARIO\.m2\repository\org\apache\geronimo\components\geronimo-connector\3.1.2\geronimo-connector-3.1.2.jar;C:\Users\USUARIO\.m2\repository\org\apache\geronimo\specs\geronimo-j2ee-connector_1.6_spec\1.0\geronimo-j2ee-connector_1.6_spec-1.0.jar;C:\Users\USUARIO\.m2\repository\org\apache\geronimo\components\geronimo-transaction\3.1.2\geronimo-transaction-3.1.2.jar;C:\Users\USUARIO\.m2\repository\org\objectweb\howl\howl\1.0.1-1\howl-1.0.1-1.jar;C:\Users\USUARIO\.m2\repository\org\apache\geronimo\javamail\geronimo-javamail_1.4_mail\1.8.4\geronimo-javamail_1.4_mail-1.8.4.jar;C:\Users\USUARIO\.m2\repository\org\apache\xbean\xbean-asm5-shaded\4.2\xbean-asm5-shaded-4.2.jar;C:\Users\USUARIO\.m2\repository\org\apache\xbean\xbean-finder-shaded\4.2\xbean-finder-shaded-4.2.jar;C:\Users\USUARIO\.m2\repository\org\apache\xbean\xbean-reflect\4.2\xbean-reflect-4.2.jar;C:\Users\USUARIO\.m2\repository\org\apache\xbean\xbean-naming\4.2\xbean-naming-4.2.jar;C:\Users\USUARIO\.m2\repository\org\apache\xbean\xbean-bundleutils\4.2\xbean-bundleutils-4.2.jar;C:\Users\USUARIO\.m2\repository\org\hsqldb\hsqldb\2.3.2\hsqldb-2.3.2.jar;C:\Users\USUARIO\.m2\repository\commons-dbcp\commons-dbcp\1.4\commons-dbcp-1.4.jar;C:\Users\USUARIO\.m2\repository\commons-pool\commons-pool\1.5.7\commons-pool-1.5.7.jar;C:\Users\USUARIO\.m2\repository\org\codehaus\swizzle\swizzle-stream\1.6.2\swizzle-stream-1.6.2.jar;C:\Users\USUARIO\.m2\repository\commons-logging\commons-logging\1.1.1\commons-logging-1.1.1.jar;C:\Users\USUARIO\.m2\repository\org\apache\openejb\shade\quartz-openejb-shade\2.2.1\quartz-openejb-shade-2.2.1.jar;C:\Users\USUARIO\.m2\repository\org\slf4j\slf4j-jdk14\1.7.7\slf4j-jdk14-1.7.7.jar;C:\Users\USUARIO\.m2\repository\org\slf4j\slf4j-api\1.7.7\slf4j-api-1.7.7.jar;C:\Users\USUARIO\.m2\repository\org\apache\openwebbeans\openwebbeans-impl\1.5.0\openwebbeans-impl-1.5.0.jar;C:\Users\USUARIO\.m2\repository\org\apache\openwebbeans\openwebbeans-spi\1.5.0\openwebbeans-spi-1.5.0.jar;C:\Users\USUARIO\.m2\repository\org\apache\openwebbeans\openwebbeans-ejb\1.5.0\openwebbeans-ejb-1.5.0.jar;C:\Users\USUARIO\.m2\repository\org\apache\openwebbeans\openwebbeans-ee\1.5.0\openwebbeans-ee-1.5.0.jar;C:\Users\USUARIO\.m2\repository\org\apache\openwebbeans\openwebbeans-ee-common\1.5.0\openwebbeans-ee-common-1.5.0.jar;C:\Users\USUARIO\.m2\repository\org\apache\openwebbeans\openwebbeans-web\1.5.0\openwebbeans-web-1.5.0.jar;C:\Users\USUARIO\.m2\repository\org\apache\openwebbeans\openwebbeans-el22\1.5.0\openwebbeans-el22-1.5.0.jar;C:\Users\USUARIO\.m2\repository\org\apache\openjpa\openjpa\2.4.0\openjpa-2.4.0.jar;C:\Users\USUARIO\.m2\repository\commons-lang\commons-lang\2.4\commons-lang-2.4.jar;C:\Users\USUARIO\.m2\repository\commons-collections\commons-collections\3.2.1\commons-collections-3.2.1.jar;C:\Users\USUARIO\.m2\repository\net\sourceforge\serp\serp\1.15.1\serp-1.15.1.jar;C:\Users\USUARIO\.m2\repository\org\apache\bval\bval-core\1.1.0-alpha-SNAPSHOT\bval-core-1.1.0-alpha-SNAPSHOT.jar;C:\Users\USUARIO\.m2\repository\commons-beanutils\commons-beanutils-core\1.8.3\commons-beanutils-core-1.8.3.jar;C:\Users\USUARIO\.m2\repository\org\apache\bval\bval-jsr\1.1.0-alpha-SNAPSHOT\bval-jsr-1.1.0-alpha-SNAPSHOT.jar;C:\Users\USUARIO\.m2\repository\junit\junit\4.8.2\junit-4.8.2.jar;C:\Users\USUARIO\.m2\repository\javax\xml\bind\jaxb-api\2.2.6\jaxb-api-2.2.6.jar;C:\Users\USUARIO\.m2\repository\com\sun\xml\bind\jaxb-impl\2.2.6\jaxb-impl-2.2.6.jar;C:\Users\USUARIO\.m2\repository\log4j\log4j\1.2.16\log4j-1.2.16.jar;"/>
    <property name="java.vm.specification.name" value="Java Virtual Machine Specification"/>
    <property name="java.vm.specification.version" value="1.7"/>
    <property name="sun.cpu.endian" value="little"/>
    <property name="sun.os.patch.level" value=""/>
    <property name="surefire.test.class.path" value="F:\dev_ws\soa4sb\metamodel\metamodel-ejb\target\test-classes;F:\dev_ws\soa4sb\metamodel\metamodel-ejb\target\classes;C:\Users\USUARIO\.m2\repository\org\jboss\spec\javax\annotation\jboss-annotations-api_1.1_spec\1.0.1.Final\jboss-annotations-api_1.1_spec-1.0.1.Final.jar;C:\Users\USUARIO\.m2\repository\org\jboss\spec\javax\ejb\jboss-ejb-api_3.1_spec\1.0.2.Final\jboss-ejb-api_3.1_spec-1.0.2.Final.jar;C:\Users\USUARIO\.m2\repository\org\apache\openejb\openejb-core\5.0.0-SNAPSHOT\openejb-core-5.0.0-SNAPSHOT.jar;C:\Users\USUARIO\.m2\repository\org\apache\openejb\mbean-annotation-api\5.0.0-SNAPSHOT\mbean-annotation-api-5.0.0-SNAPSHOT.jar;C:\Users\USUARIO\.m2\repository\org\apache\openejb\openejb-jpa-integration\5.0.0-SNAPSHOT\openejb-jpa-integration-5.0.0-SNAPSHOT.jar;C:\Users\USUARIO\.m2\repository\org\apache\openejb\javaee-api\7.0-SNAPSHOT\javaee-api-7.0-SNAPSHOT.jar;C:\Users\USUARIO\.m2\repository\org\apache\commons\commons-lang3\3.4\commons-lang3-3.4.jar;C:\Users\USUARIO\.m2\repository\org\apache\openejb\openejb-api\5.0.0-SNAPSHOT\openejb-api-5.0.0-SNAPSHOT.jar;C:\Users\USUARIO\.m2\repository\org\apache\openejb\openejb-loader\5.0.0-SNAPSHOT\openejb-loader-5.0.0-SNAPSHOT.jar;C:\Users\USUARIO\.m2\repository\org\apache\openejb\openejb-javaagent\5.0.0-SNAPSHOT\openejb-javaagent-5.0.0-SNAPSHOT.jar;C:\Users\USUARIO\.m2\repository\org\apache\openejb\openejb-jee\5.0.0-SNAPSHOT\openejb-jee-5.0.0-SNAPSHOT.jar;C:\Users\USUARIO\.m2\repository\org\apache\openejb\openejb-jee-accessors\5.0.0-SNAPSHOT\openejb-jee-accessors-5.0.0-SNAPSHOT.jar;C:\Users\USUARIO\.m2\repository\org\metatype\sxc\sxc-jaxb-core\0.8\sxc-jaxb-core-0.8.jar;C:\Users\USUARIO\.m2\repository\org\metatype\sxc\sxc-runtime\0.8\sxc-runtime-0.8.jar;C:\Users\USUARIO\.m2\repository\commons-cli\commons-cli\1.2\commons-cli-1.2.jar;C:\Users\USUARIO\.m2\repository\org\apache\activemq\activemq-ra\5.11.0\activemq-ra-5.11.0.jar;C:\Users\USUARIO\.m2\repository\org\apache\activemq\activemq-kahadb-store\5.11.0\activemq-kahadb-store-5.11.0.jar;C:\Users\USUARIO\.m2\repository\org\apache\activemq\protobuf\activemq-protobuf\1.1\activemq-protobuf-1.1.jar;C:\Users\USUARIO\.m2\repository\org\apache\activemq\activemq-broker\5.11.0\activemq-broker-5.11.0.jar;C:\Users\USUARIO\.m2\repository\org\apache\activemq\activemq-client\5.11.0\activemq-client-5.11.0.jar;C:\Users\USUARIO\.m2\repository\org\fusesource\hawtbuf\hawtbuf\1.11\hawtbuf-1.11.jar;C:\Users\USUARIO\.m2\repository\org\apache\activemq\activemq-openwire-legacy\5.11.0\activemq-openwire-legacy-5.11.0.jar;C:\Users\USUARIO\.m2\repository\org\apache\activemq\activemq-jdbc-store\5.11.0\activemq-jdbc-store-5.11.0.jar;C:\Users\USUARIO\.m2\repository\org\apache\geronimo\components\geronimo-connector\3.1.2\geronimo-connector-3.1.2.jar;C:\Users\USUARIO\.m2\repository\org\apache\geronimo\specs\geronimo-j2ee-connector_1.6_spec\1.0\geronimo-j2ee-connector_1.6_spec-1.0.jar;C:\Users\USUARIO\.m2\repository\org\apache\geronimo\components\geronimo-transaction\3.1.2\geronimo-transaction-3.1.2.jar;C:\Users\USUARIO\.m2\repository\org\objectweb\howl\howl\1.0.1-1\howl-1.0.1-1.jar;C:\Users\USUARIO\.m2\repository\org\apache\geronimo\javamail\geronimo-javamail_1.4_mail\1.8.4\geronimo-javamail_1.4_mail-1.8.4.jar;C:\Users\USUARIO\.m2\repository\org\apache\xbean\xbean-asm5-shaded\4.2\xbean-asm5-shaded-4.2.jar;C:\Users\USUARIO\.m2\repository\org\apache\xbean\xbean-finder-shaded\4.2\xbean-finder-shaded-4.2.jar;C:\Users\USUARIO\.m2\repository\org\apache\xbean\xbean-reflect\4.2\xbean-reflect-4.2.jar;C:\Users\USUARIO\.m2\repository\org\apache\xbean\xbean-naming\4.2\xbean-naming-4.2.jar;C:\Users\USUARIO\.m2\repository\org\apache\xbean\xbean-bundleutils\4.2\xbean-bundleutils-4.2.jar;C:\Users\USUARIO\.m2\repository\org\hsqldb\hsqldb\2.3.2\hsqldb-2.3.2.jar;C:\Users\USUARIO\.m2\repository\commons-dbcp\commons-dbcp\1.4\commons-dbcp-1.4.jar;C:\Users\USUARIO\.m2\repository\commons-pool\commons-pool\1.5.7\commons-pool-1.5.7.jar;C:\Users\USUARIO\.m2\repository\org\codehaus\swizzle\swizzle-stream\1.6.2\swizzle-stream-1.6.2.jar;C:\Users\USUARIO\.m2\repository\commons-logging\commons-logging\1.1.1\commons-logging-1.1.1.jar;C:\Users\USUARIO\.m2\repository\org\apache\openejb\shade\quartz-openejb-shade\2.2.1\quartz-openejb-shade-2.2.1.jar;C:\Users\USUARIO\.m2\repository\org\slf4j\slf4j-jdk14\1.7.7\slf4j-jdk14-1.7.7.jar;C:\Users\USUARIO\.m2\repository\org\slf4j\slf4j-api\1.7.7\slf4j-api-1.7.7.jar;C:\Users\USUARIO\.m2\repository\org\apache\openwebbeans\openwebbeans-impl\1.5.0\openwebbeans-impl-1.5.0.jar;C:\Users\USUARIO\.m2\repository\org\apache\openwebbeans\openwebbeans-spi\1.5.0\openwebbeans-spi-1.5.0.jar;C:\Users\USUARIO\.m2\repository\org\apache\openwebbeans\openwebbeans-ejb\1.5.0\openwebbeans-ejb-1.5.0.jar;C:\Users\USUARIO\.m2\repository\org\apache\openwebbeans\openwebbeans-ee\1.5.0\openwebbeans-ee-1.5.0.jar;C:\Users\USUARIO\.m2\repository\org\apache\openwebbeans\openwebbeans-ee-common\1.5.0\openwebbeans-ee-common-1.5.0.jar;C:\Users\USUARIO\.m2\repository\org\apache\openwebbeans\openwebbeans-web\1.5.0\openwebbeans-web-1.5.0.jar;C:\Users\USUARIO\.m2\repository\org\apache\openwebbeans\openwebbeans-el22\1.5.0\openwebbeans-el22-1.5.0.jar;C:\Users\USUARIO\.m2\repository\org\apache\openjpa\openjpa\2.4.0\openjpa-2.4.0.jar;C:\Users\USUARIO\.m2\repository\commons-lang\commons-lang\2.4\commons-lang-2.4.jar;C:\Users\USUARIO\.m2\repository\commons-collections\commons-collections\3.2.1\commons-collections-3.2.1.jar;C:\Users\USUARIO\.m2\repository\net\sourceforge\serp\serp\1.15.1\serp-1.15.1.jar;C:\Users\USUARIO\.m2\repository\org\apache\bval\bval-core\1.1.0-alpha-SNAPSHOT\bval-core-1.1.0-alpha-SNAPSHOT.jar;C:\Users\USUARIO\.m2\repository\commons-beanutils\commons-beanutils-core\1.8.3\commons-beanutils-core-1.8.3.jar;C:\Users\USUARIO\.m2\repository\org\apache\bval\bval-jsr\1.1.0-alpha-SNAPSHOT\bval-jsr-1.1.0-alpha-SNAPSHOT.jar;C:\Users\USUARIO\.m2\repository\junit\junit\4.8.2\junit-4.8.2.jar;C:\Users\USUARIO\.m2\repository\javax\xml\bind\jaxb-api\2.2.6\jaxb-api-2.2.6.jar;C:\Users\USUARIO\.m2\repository\com\sun\xml\bind\jaxb-impl\2.2.6\jaxb-impl-2.2.6.jar;C:\Users\USUARIO\.m2\repository\log4j\log4j\1.2.16\log4j-1.2.16.jar;"/>
    <property name="java.io.tmpdir" value="C:\Users\USUARIO\AppData\Local\Temp\"/>
    <property name="java.vendor.url.bug" value="http://bugreport.sun.com/bugreport/"/>
    <property name="os.arch" value="amd64"/>
    <property name="java.awt.graphicsenv" value="sun.awt.Win32GraphicsEnvironment"/>
    <property name="java.ext.dirs" value="C:\Program Files\Java\jdk1.7.0_79\jre\lib\ext;C:\WINDOWS\Sun\Java\lib\ext"/>
    <property name="user.dir" value="F:\dev_ws\soa4sb\metamodel\metamodel-ejb"/>
    <property name="line.separator" value="
"/>
    <property name="java.vm.name" value="Java HotSpot(TM) 64-Bit Server VM"/>
    <property name="java.security.auth.login.config" value="jar:file:/C:/Users/USUARIO/.m2/repository/org/apache/openejb/openejb-core/5.0.0-SNAPSHOT/openejb-core-5.0.0-SNAPSHOT.jar!/login.config"/>
    <property name="basedir" value="F:\dev_ws\soa4sb\metamodel\metamodel-ejb"/>
    <property name="openejb.base" value="F:\dev_ws\soa4sb\metamodel\metamodel-ejb"/>
    <property name="file.encoding" value="Cp1252"/>
    <property name="noBanner" value="true"/>
    <property name="java.specification.version" value="1.7"/>
  </properties>
  <testcase time="3.65" classname="ws.crossnet.udm.core.model.test.PartyRelationshipTypeManagementTest" name="testCreateRoleRelationshipType"/>
</testsuite>